2023-05-20 05:44:38 [ì˜¤ëŠ˜ë†ì¥] info: [0mPOST /api/devices/solid?deviceId=1&active=0 [32m200[0m 5132.848 ms - 10[0m

2023-05-20 06:32:21 [ì˜¤ëŠ˜ë†ì¥] info: 
2023-05-20 06:32:21 [ì˜¤ëŠ˜ë†ì¥] error: 
2023-05-20 06:32:21 [ì˜¤ëŠ˜ë†ì¥] info: [0mPOST /api/login?deviceId=1&active=0 [33m404[0m 15.632 ms - 101[0m

2023-05-20 06:33:02 [ì˜¤ëŠ˜ë†ì¥] info: 
2023-05-20 06:33:02 [ì˜¤ëŠ˜ë†ì¥] error: 
2023-05-20 06:33:02 [ì˜¤ëŠ˜ë†ì¥] info: [0mPOST /api/login [33m404[0m 2.492 ms - 81[0m

2023-05-20 06:34:39 [ì˜¤ëŠ˜ë†ì¥] info: [0mPOST /api/login [32m200[0m 495.904 ms - 194[0m

2023-05-20 06:35:57 [ì˜¤ëŠ˜ë†ì¥] info: [0mGET /api/devices [32m200[0m 371.203 ms - 421[0m

2023-05-20 06:36:09 [ì˜¤ëŠ˜ë†ì¥] info: [0mGET /api/devices/dht?deviceId=1 [32m200[0m 68.726 ms - 116[0m

2023-05-20 06:36:12 [ì˜¤ëŠ˜ë†ì¥] info: [0mGET /api/devices/dht?deviceId=2 [32m200[0m 28.091 ms - 67[0m

2023-05-20 06:36:14 [ì˜¤ëŠ˜ë†ì¥] info: [0mGET /api/devices/dht?deviceId=3 [32m200[0m 48.652 ms - 115[0m

2023-05-20 06:36:15 [ì˜¤ëŠ˜ë†ì¥] info: [0mGET /api/devices/dht?deviceId=4 [32m200[0m 32.284 ms - 115[0m

2023-05-20 06:36:16 [ì˜¤ëŠ˜ë†ì¥] info: [0mGET /api/devices/dht?deviceId=2 [32m200[0m 40.438 ms - 67[0m

2023-05-20 06:36:20 [ì˜¤ëŠ˜ë†ì¥] info: [0mGET /api/devices/dht?deviceId=2 [32m200[0m 45.716 ms - 67[0m

2023-05-20 06:36:20 [ì˜¤ëŠ˜ë†ì¥] info: [0mGET /api/devices/dht?deviceId=2 [32m200[0m 15.770 ms - 67[0m

2023-05-20 06:36:23 [ì˜¤ëŠ˜ë†ì¥] info: [0mGET /api/devices/dht?deviceId=5 [32m200[0m 27.815 ms - 115[0m

2023-05-20 06:39:12 [ì˜¤ëŠ˜ë†ì¥] info: [0mGET /api/devices/lux?deviceId=1 [32m200[0m 79.473 ms - 95[0m

2023-05-20 06:39:16 [ì˜¤ëŠ˜ë†ì¥] info: [0mGET /api/devices/solid?deviceId=1 [32m200[0m 147.693 ms - 96[0m

2023-05-20 06:39:45 [ì˜¤ëŠ˜ë†ì¥] info: [0mGET /api/devices/dht?deviceId=1 [32m200[0m 81.217 ms - 116[0m

2023-05-20 06:40:25 [ì˜¤ëŠ˜ë†ì¥] info: 
2023-05-20 06:40:25 [ì˜¤ëŠ˜ë†ì¥] error: 
2023-05-20 06:40:25 [ì˜¤ëŠ˜ë†ì¥] info: [0mPOST /api/devices [33m400[0m 43.435 ms - 59[0m

2023-05-20 06:40:29 [ì˜¤ëŠ˜ë†ì¥] info: [0mPOST /api/devices [32m201[0m 88.464 ms - 43[0m

2023-05-20 07:08:11 [ì˜¤ëŠ˜ë†ì¥] info: [0mPOST /api/login [32m200[0m 419.667 ms - 194[0m

2023-05-20 07:10:21 [ì˜¤ëŠ˜ë†ì¥] info: [0mGET /api/devices [32m200[0m 271.992 ms - 467[0m

2023-05-20 07:32:36 [ì˜¤ëŠ˜ë†ì¥] info: 
2023-05-20 07:32:36 [ì˜¤ëŠ˜ë†ì¥] error: 
2023-05-20 07:32:36 [ì˜¤ëŠ˜ë†ì¥] info: [0mGET /api/devices [33m403[0m 11.726 ms - 49[0m

2023-05-20 07:32:56 [ì˜¤ëŠ˜ë†ì¥] info: 
2023-05-20 07:32:56 [ì˜¤ëŠ˜ë†ì¥] error: 
2023-05-20 07:32:56 [ì˜¤ëŠ˜ë†ì¥] info: [0mGET /api/devices [33m403[0m 11.627 ms - 49[0m

2023-05-20 07:33:21 [ì˜¤ëŠ˜ë†ì¥] info: 
2023-05-20 07:33:21 [ì˜¤ëŠ˜ë†ì¥] error: 
2023-05-20 07:33:21 [ì˜¤ëŠ˜ë†ì¥] info: [0mGET /api/devices [33m403[0m 8.707 ms - 49[0m

2023-05-20 07:33:29 [ì˜¤ëŠ˜ë†ì¥] info: 
2023-05-20 07:33:30 [ì˜¤ëŠ˜ë†ì¥] error: 
2023-05-20 07:33:30 [ì˜¤ëŠ˜ë†ì¥] info: [0mGET /api/devices [33m403[0m 11.188 ms - 49[0m

2023-05-20 07:34:31 [ì˜¤ëŠ˜ë†ì¥] info: 
2023-05-20 07:34:31 [ì˜¤ëŠ˜ë†ì¥] error: 
2023-05-20 07:34:31 [ì˜¤ëŠ˜ë†ì¥] info: [0mGET /api/devices [33m403[0m 8.957 ms - 49[0m

2023-05-20 07:34:40 [ì˜¤ëŠ˜ë†ì¥] info: [0mGET /api/logout [32m200[0m 202.347 ms - 7[0m

2023-05-20 07:34:48 [ì˜¤ëŠ˜ë†ì¥] info: [0mPOST /api/login [32m200[0m 342.392 ms - 194[0m

2023-05-20 07:34:58 [ì˜¤ëŠ˜ë†ì¥] info: [0mPOST /api/login [32m200[0m 319.553 ms - 194[0m

2023-05-20 07:35:17 [ì˜¤ëŠ˜ë†ì¥] info: [0mPOST /api/login [32m200[0m 304.081 ms - 194[0m

2023-05-20 07:35:20 [ì˜¤ëŠ˜ë†ì¥] info: 
2023-05-20 07:35:20 [ì˜¤ëŠ˜ë†ì¥] error: 
2023-05-20 07:35:20 [ì˜¤ëŠ˜ë†ì¥] info: [0mPOST /api/devices [33m403[0m 2.142 ms - 49[0m

2023-05-20 07:36:19 [ì˜¤ëŠ˜ë†ì¥] info: 
2023-05-20 07:36:19 [ì˜¤ëŠ˜ë†ì¥] error: 
2023-05-20 07:36:19 [ì˜¤ëŠ˜ë†ì¥] info: [0mPOST /api/devices [33m403[0m 7.669 ms - 49[0m

2023-05-20 07:37:28 [ì˜¤ëŠ˜ë†ì¥] info: 
2023-05-20 07:37:28 [ì˜¤ëŠ˜ë†ì¥] error: 
2023-05-20 07:37:28 [ì˜¤ëŠ˜ë†ì¥] info: [0mPOST /api/devices [33m403[0m 24989.550 ms - 49[0m

2023-05-20 07:39:10 [ì˜¤ëŠ˜ë†ì¥] info: 
2023-05-20 07:39:10 [ì˜¤ëŠ˜ë†ì¥] error: 
2023-05-20 07:39:10 [ì˜¤ëŠ˜ë†ì¥] info: [0mPOST /api/devices [33m400[0m 20.629 ms - 57[0m

2023-05-20 07:39:19 [ì˜¤ëŠ˜ë†ì¥] info: [0mGET /api/devices [32m200[0m 205.997 ms - 467[0m

